android/trunk/proguard/seeds.txt
com.lingzhimobile.huodonghaowai.R$anim
com.lingzhimobile.huodonghaowai.R$anim: int push_left_in
com.lingzhimobile.huodonghaowai.R$anim: int push_left_out
com.lingzhimobile.huodonghaowai.R$anim: int push_right_in
com.lingzhimobile.huodonghaowai.R$anim: int push_right_out
com.lingzhimobile.huodonghaowai.R$anim: int refreshing
com.lingzhimobile.huodonghaowai.R$anim: int slide_in_from_bottom
com.lingzhimobile.huodonghaowai.R$anim: int slide_in_from_top
com.lingzhimobile.huodonghaowai.R$anim: int slide_out_to_bottom
com.lingzhimobile.huodonghaowai.R$anim: int slide_out_to_top
com.lingzhimobile.huodonghaowai.R$array
com.lingzhimobile.huodonghaowai.R$array: int blood_type_values
com.lingzhimobile.huodonghaowai.R$array: int constellation_values
com.lingzhimobile.huodonghaowai.R$array: int day_values_28
com.lingzhimobile.huodonghaowai.R$array: int day_values_29
com.lingzhimobile.huodonghaowai.R$array: int day_values_30
com.lingzhimobile.huodonghaowai.R$array: int day_values_31
com.lingzhimobile.huodonghaowai.R$array: int edu_status_values
com.lingzhimobile.huodonghaowai.R$array: int hour_values
com.lingzhimobile.huodonghaowai.R$array: int minute_values
com.lingzhimobile.huodonghaowai.R$array: int month_values
com.lingzhimobile.huodonghaowai.R$array: int month_values_en
com.lingzhimobile.huodonghaowai.R$array: int school_values
com.lingzhimobile.huodonghaowai.R$attr
com.lingzhimobile.huodonghaowai.R$attr: int ptrAdapterViewBackground
com.lingzhimobile.huodonghaowai.R$attr: int ptrDrawable
com.lingzhimobile.huodonghaowai.R$attr: int ptrHeaderBackground
com.lingzhimobile.huodonghaowai.R$attr: int ptrHeaderSubTextColor
com.lingzhimobile.huodonghaowai.R$attr: int ptrHeaderTextColor
com.lingzhimobile.huodonghaowai.R$attr: int ptrMode
com.lingzhimobile.huodonghaowai.R$attr: int ptrShowIndicator
com.lingzhimobile.huodonghaowai.R$attr: int sidebuffer
com.lingzhimobile.huodonghaowai.R$color
com.lingzhimobile.huodonghaowai.R$color: int black
com.lingzhimobile.huodonghaowai.R$color: int color_radiobutton
com.lingzhimobile.huodonghaowai.R$color: int dialog_title_blue
com.lingzhimobile.huodonghaowai.R$color: int font_blue
com.lingzhimobile.huodonghaowai.R$color: int font_gray
com.lingzhimobile.huodonghaowai.R$color: int gray
com.lingzhimobile.huodonghaowai.R$color: int green
com.lingzhimobile.huodonghaowai.R$color: int half_translucent_black
com.lingzhimobile.huodonghaowai.R$color: int half_translucent_white
com.lingzhimobile.huodonghaowai.R$color: int half_transparent
com.lingzhimobile.huodonghaowai.R$color: int half_transparent_7
com.lingzhimobile.huodonghaowai.R$color: int light_gray
com.lingzhimobile.huodonghaowai.R$color: int light_pink_bg
com.lingzhimobile.huodonghaowai.R$color: int line_gray
com.lingzhimobile.huodonghaowai.R$color: int orange
com.lingzhimobile.huodonghaowai.R$color: int pink
com.lingzhimobile.huodonghaowai.R$color: int pink_bg
com.lingzhimobile.huodonghaowai.R$color: int text_num_gray
com.lingzhimobile.huodonghaowai.R$color: int time_gray
com.lingzhimobile.huodonghaowai.R$color: int title_click
com.lingzhimobile.huodonghaowai.R$color: int translucent_7_gray
com.lingzhimobile.huodonghaowai.R$color: int transparent
com.lingzhimobile.huodonghaowai.R$color: int white
...
android.support.v4.content.ModernAsyncTask$4
android.support.v4.content.ModernAsyncTask$4: int[] $SwitchMap$android$support$v4$content$ModernAsyncTask$Status
android.support.v4.content.ModernAsyncTask$4: void <clinit>()
android.support.v4.content.ModernAsyncTask$AsyncTaskResult
android.support.v4.content.ModernAsyncTask$AsyncTaskResult: android.support.v4.content.ModernAsyncTask mTask
android.support.v4.content.ModernAsyncTask$AsyncTaskResult: java.lang.Object[] mData
android.support.v4.content.ModernAsyncTask$AsyncTaskResult: ModernAsyncTask$AsyncTaskResult(android.support.v4.content.ModernAsyncTask,java.lang.Object[])
android.support.v4.content.ModernAsyncTask$InternalHandler
android.support.v4.content.ModernAsyncTask$InternalHandler: ModernAsyncTask$InternalHandler()
android.support.v4.content.ModernAsyncTask$InternalHandler: void handleMessage(android.os.Message)
android.support.v4.content.ModernAsyncTask$InternalHandler: ModernAsyncTask$InternalHandler(android.support.v4.content.ModernAsyncTask$1)
android.support.v4.content.ModernAsyncTask$Status
android.support.v4.content.ModernAsyncTask$Status: android.support.v4.content.ModernAsyncTask$Status PENDING
android.support.v4.content.ModernAsyncTask$Status: android.support.v4.content.ModernAsyncTask$Status RUNNING
android.support.v4.content.ModernAsyncTask$Status: android.support.v4.content.ModernAsyncTask$Status FINISHED
android.support.v4.content.ModernAsyncTask$Status: android.support.v4.content.ModernAsyncTask$Status[] $VALUES
android.support.v4.content.ModernAsyncTask$Status: android.support.v4.content.ModernAsyncTask$Status[] values()
android.support.v4.content.ModernAsyncTask$Status: android.support.v4.content.ModernAsyncTask$Status valueOf(java.lang.String)
android.support.v4.content.ModernAsyncTask$Status: ModernAsyncTask$Status(java.lang.String,int)
android.support.v4.content.ModernAsyncTask$Status: void <clinit>()
android.support.v4.content.ModernAsyncTask$WorkerRunnable
android.support.v4.content.ModernAsyncTask$WorkerRunnable: java.lang.Object[] mParams
android.support.v4.content.ModernAsyncTask$WorkerRunnable: ModernAsyncTask$WorkerRunnable()
android.support.v4.content.ModernAsyncTask$WorkerRunnable: ModernAsyncTask$WorkerRunnable(android.support.v4.content.ModernAsyncTask$1)
android.support.v4.content.pm.ActivityInfoCompat
android.support.v4.content.pm.ActivityInfoCompat: int CONFIG_UI_MODE
android.support.v4.content.pm.ActivityInfoCompat: ActivityInfoCompat()
android.support.v4.database.DatabaseUtilsCompat
android.support.v4.database.DatabaseUtilsCompat: DatabaseUtilsCompat()
android.support.v4.database.DatabaseUtilsCompat: java.lang.String concatenateWhere(java.lang.String,java.lang.String)
android.support.v4.database.DatabaseUtilsCompat: java.lang.String[] appendSelectionArgs(java.lang.String[],java.lang.String[])
android.support.v4.os.ParcelableCompat
android.support.v4.os.ParcelableCompat: ParcelableCompat()
android.support.v4.os.ParcelableCompat: android.os.Parcelable$Creator newCreator(android.support.v4.os.ParcelableCompatCreatorCallbacks)
android.support.v4.os.ParcelableCompat$CompatCreator
android.support.v4.os.ParcelableCompat$CompatCreator: android.support.v4.os.ParcelableCompatCreatorCallbacks mCallbacks
android.support.v4.os.ParcelableCompat$CompatCreator: ParcelableCompat$CompatCreator(android.support.v4.os.ParcelableCompatCreatorCallbacks)
android.support.v4.os.ParcelableCompat$CompatCreator: java.lang.Object createFromParcel(android.os.Parcel)
android.support.v4.os.ParcelableCompat$CompatCreator: java.lang.Object[] newArray(int)
android.support.v4.os.ParcelableCompatCreatorCallbacks
android.support.v4.os.ParcelableCompatCreatorCallbacks: java.lang.Object createFromParcel(android.os.Parcel,java.lang.ClassLoader)
android.support.v4.os.ParcelableCompatCreatorCallbacks: java.lang.Object[] newArray(int)