android/trunk/proguard/mapping.txt
com.lingzhimobile.huodonghaowai.R -> com.lingzhimobile.huodonghaowai.R:
com.lingzhimobile.huodonghaowai.R$anim -> com.lingzhimobile.huodonghaowai.R$anim:
    int push_left_in -> push_left_in
    int push_left_out -> push_left_out
    int push_right_in -> push_right_in
    int push_right_out -> push_right_out
    int refreshing -> refreshing
    int slide_in_from_bottom -> slide_in_from_bottom
    int slide_in_from_top -> slide_in_from_top
    int slide_out_to_bottom -> slide_out_to_bottom
    int slide_out_to_top -> slide_out_to_top
com.lingzhimobile.huodonghaowai.R$array -> com.lingzhimobile.huodonghaowai.R$array:
    int blood_type_values -> blood_type_values
    int constellation_values -> constellation_values
    int day_values_28 -> day_values_28
    int day_values_29 -> day_values_29
    int day_values_30 -> day_values_30
    int day_values_31 -> day_values_31
    int edu_status_values -> edu_status_values
    int hour_values -> hour_values
    int minute_values -> minute_values
    int month_values -> month_values
    int month_values_en -> month_values_en
    int school_values -> school_values
com.lingzhimobile.huodonghaowai.R$attr -> com.lingzhimobile.huodonghaowai.R$attr:
    int ptrAdapterViewBackground -> ptrAdapterViewBackground
    int ptrDrawable -> ptrDrawable
    int ptrHeaderBackground -> ptrHeaderBackground
    int ptrHeaderSubTextColor -> ptrHeaderSubTextColor
    int ptrHeaderTextColor -> ptrHeaderTextColor
    int ptrMode -> ptrMode
    int ptrShowIndicator -> ptrShowIndicator
    int sidebuffer -> sidebuffer
com.lingzhimobile.huodonghaowai.R$color -> com.lingzhimobile.huodonghaowai.R$color:
    int black -> black
    int color_radiobutton -> color_radiobutton
    int dialog_title_blue -> dialog_title_blue
    int font_blue -> font_blue
    int font_gray -> font_gray
    int gray -> gray
    int green -> green
    int half_translucent_black -> half_translucent_black
    int half_translucent_white -> half_translucent_white
    int half_transparent -> half_transparent
    int half_transparent_7 -> half_transparent_7
    int light_gray -> light_gray
    int light_pink_bg -> light_pink_bg
    int line_gray -> line_gray
    int orange -> orange
    int pink -> pink
    int pink_bg -> pink_bg
    int text_num_gray -> text_num_gray
    int time_gray -> time_gray
    int title_click -> title_click
    int translucent_7_gray -> translucent_7_gray
    int transparent -> transparent
    int white -> white
com.lingzhimobile.huodonghaowai.R$dimen -> com.lingzhimobile.huodonghaowai.R$dimen:
    int dialog_bottom_margin -> dialog_bottom_margin
    int dialog_btn_close_right_margin -> dialog_btn_close_right_margin
    int dialog_btn_close_top_margin -> dialog_btn_close_top_margin
    int dialog_left_margin -> dialog_left_margin
    int dialog_right_margin -> dialog_right_margin
    int dialog_title_height -> dialog_title_height
    int dialog_title_logo_left_margin -> dialog_title_logo_left_margin
    int dialog_top_margin -> dialog_top_margin
    int indicator_corner_radius -> indicator_corner_radius
    int indicator_internal_padding -> indicator_internal_padding
    int indicator_right_padding -> indicator_right_padding
...
android.support.v4.content.Loader$ForceLoadContentObserver -> android.support.v4.content.Loader$ForceLoadContentObserver:
    android.support.v4.content.Loader this$0 -> this$0
    boolean deliverSelfNotifications() -> deliverSelfNotifications
    void onChange(boolean) -> onChange
android.support.v4.content.Loader$OnLoadCompleteListener -> android.support.v4.content.Loader$OnLoadCompleteListener:
    void onLoadComplete(android.support.v4.content.Loader,java.lang.Object) -> onLoadComplete
android.support.v4.content.LocalBroadcastManager -> android.support.v4.content.LocalBroadcastManager:
    java.lang.String TAG -> TAG
    boolean DEBUG -> DEBUG
    android.content.Context mAppContext -> mAppContext
    java.util.HashMap mReceivers -> mReceivers
    java.util.HashMap mActions -> mActions
    java.util.ArrayList mPendingBroadcasts -> mPendingBroadcasts
    int MSG_EXEC_PENDING_BROADCASTS -> MSG_EXEC_PENDING_BROADCASTS
    android.os.Handler mHandler -> mHandler
    java.lang.Object mLock -> mLock
    android.support.v4.content.LocalBroadcastManager mInstance -> mInstance
    android.support.v4.content.LocalBroadcastManager getInstance(android.content.Context) -> getInstance
    void registerReceiver(android.content.BroadcastReceiver,android.content.IntentFilter) -> registerReceiver
    void unregisterReceiver(android.content.BroadcastReceiver) -> unregisterReceiver
    boolean sendBroadcast(android.content.Intent) -> sendBroadcast
    void sendBroadcastSync(android.content.Intent) -> sendBroadcastSync
    void executePendingBroadcasts() -> executePendingBroadcasts
    void access$000(android.support.v4.content.LocalBroadcastManager) -> access$000
android.support.v4.content.LocalBroadcastManager$1 -> android.support.v4.content.LocalBroadcastManager$1:
    android.support.v4.content.LocalBroadcastManager this$0 -> this$0
    void handleMessage(android.os.Message) -> handleMessage
android.support.v4.content.LocalBroadcastManager$BroadcastRecord -> android.support.v4.content.LocalBroadcastManager$BroadcastRecord:
    android.content.Intent intent -> intent
    java.util.ArrayList receivers -> receivers
android.support.v4.content.LocalBroadcastManager$ReceiverRecord -> android.support.v4.content.LocalBroadcastManager$ReceiverRecord:
    android.content.IntentFilter filter -> filter
    android.content.BroadcastReceiver receiver -> receiver
    boolean broadcasting -> broadcasting
    java.lang.String toString() -> toString
android.support.v4.content.ModernAsyncTask -> android.support.v4.content.ModernAsyncTask:
    java.lang.String LOG_TAG -> LOG_TAG
    int CORE_POOL_SIZE -> CORE_POOL_SIZE
    int MAXIMUM_POOL_SIZE -> MAXIMUM_POOL_SIZE
    int KEEP_ALIVE -> KEEP_ALIVE
    java.util.concurrent.ThreadFactory sThreadFactory -> sThreadFactory
    java.util.concurrent.BlockingQueue sPoolWorkQueue -> sPoolWorkQueue
    java.util.concurrent.Executor THREAD_POOL_EXECUTOR -> THREAD_POOL_EXECUTOR
    int MESSAGE_POST_RESULT -> MESSAGE_POST_RESULT
    int MESSAGE_POST_PROGRESS -> MESSAGE_POST_PROGRESS
    android.support.v4.content.ModernAsyncTask$InternalHandler sHandler -> sHandler
    java.util.concurrent.Executor sDefaultExecutor -> sDefaultExecutor
    android.support.v4.content.ModernAsyncTask$WorkerRunnable mWorker -> mWorker
    java.util.concurrent.FutureTask mFuture -> mFuture
    android.support.v4.content.ModernAsyncTask$Status mStatus -> mStatus
    java.util.concurrent.atomic.AtomicBoolean mTaskInvoked -> mTaskInvoked
    void init() -> init
    void setDefaultExecutor(java.util.concurrent.Executor) -> setDefaultExecutor
    void postResultIfNotInvoked(java.lang.Object) -> postResultIfNotInvoked
    java.lang.Object postResult(java.lang.Object) -> postResult
    android.support.v4.content.ModernAsyncTask$Status getStatus() -> getStatus
    java.lang.Object doInBackground(java.lang.Object[]) -> doInBackground
    void onPreExecute() -> onPreExecute