android/trunk/proguard/usage.txt
com.lingzhimobile.huodonghaowai.BuildConfig
com.lingzhimobile.huodonghaowai.Manifest
com.lingzhimobile.huodonghaowai.Manifest$permission
com.lingzhimobile.huodonghaowai.R:
    10:10:public R()
com.lingzhimobile.huodonghaowai.activity.AskInfo:
    335:337:private java.lang.String getUserId()
com.lingzhimobile.huodonghaowai.activity.DateChat:
    private com.lingzhimobile.huodonghaowai.model.ConversationItem conversationItem
    479:498:public void showAlertDialog()
com.lingzhimobile.huodonghaowai.activity.DateChat$15
com.lingzhimobile.huodonghaowai.activity.MainTabActivity:
    public static final java.lang.String APP_ID
    public static final java.lang.String LOCAL_PUSH_FLAG
    public static final java.lang.String STRING_NEARBY
    public static final java.lang.String STRING_DATE
    public static final java.lang.String STRING_PROFILE
    public static final java.lang.String STRING_PROPOSEDATE
    public static java.lang.String userAgent
    212:217:private void unregister()
com.lingzhimobile.huodonghaowai.activity.Settings:
    private java.lang.String tempStuNO
    private java.lang.String tempDepartment
    private java.lang.String tempDescription
    private java.lang.String tempHomeTown
com.lingzhimobile.huodonghaowai.activity.Settings$AuthDialogListener:
    333:340:public void onComplete(android.os.Bundle)
    349:352:public void onWeiboException(com.weibo.net.WeiboException)
    357:357:public void onError(com.weibo.net.DialogError)
com.lingzhimobile.huodonghaowai.activity.Share:
    static final int UPLOAD
    private com.lingzhimobile.huodonghaowai.asynctask.UploadPhotoTask uploadPhotoTask
com.lingzhimobile.huodonghaowai.activity.Share$2$1:
    186:187:public void onFacebookError(com.facebook.android.FacebookError,java.lang.Object)
com.lingzhimobile.huodonghaowai.activity.Share$2$2:
    209:210:public void onIOException(java.io.IOException)
com.lingzhimobile.huodonghaowai.activity.Share$AuthDialogListener:
    336:342:public void onComplete(android.os.Bundle)
    353:356:public void onWeiboException(com.weibo.net.WeiboException)
    361:361:public void onError(com.weibo.net.DialogError)
com.lingzhimobile.huodonghaowai.activity.UploadPhoto:
    static final int MULTIPLY
    static final int OVERLAY
    static final int COLORDODGE
    static final int COLORBURN
    static final int LIGHTEN
    static final int UPLOAD
    int[] merge
    int[] result
com.lingzhimobile.huodonghaowai.adapter.DateRespondersAdapter
com.lingzhimobile.huodonghaowai.adapter.DateRespondersAdapter$1
com.lingzhimobile.huodonghaowai.adapter.DateRespondersAdapter$2
com.lingzhimobile.huodonghaowai.adapter.DateRespondersAdapter$ViewHolder
com.lingzhimobile.huodonghaowai.adapter.HelpViewPagerAdapter:
    14:14:public java.util.List getmListViews()
    18:19:public void setmListViews(java.util.List)
com.lingzhimobile.huodonghaowai.adapter.NearbyDateViewPagerAdapter:
    34:35:public void setData(java.util.List)
com.lingzhimobile.huodonghaowai.adapter.PreLoginDateAdapter
com.lingzhimobile.huodonghaowai.adapter.PreLoginDateAdapter$1
com.lingzhimobile.huodonghaowai.adapter.PreLoginDateAdapter$2
com.lingzhimobile.huodonghaowai.adapter.PreLoginDateAdapter$ViewHolder
com.lingzhimobile.huodonghaowai.adapter.SentDateListItemAdapter:
    public boolean isBusy
    public boolean needRemoveBitmap
com.lingzhimobile.huodonghaowai.adapter.ViewPagerAdapter:
    16:16:public java.util.List getmListViews()
    20:21:public void setmListViews(java.util.List)
com.lingzhimobile.huodonghaowai.asyncloader.GetDateLoader:
    32:33:public GetDateLoader(android.content.Context)
com.lingzhimobile.huodonghaowai.asyncloader.GetInviteCodeLoader:
    25:26:public GetInviteCodeLoader(android.content.Context)
com.lingzhimobile.huodonghaowai.asyncloader.GetNearbyDateLoader:
    31:32:public GetNearbyDateLoader(android.content.Context)
com.lingzhimobile.huodonghaowai.asynctask.GetConversationsTask
...
com.umeng.analytics.Gender
com.umeng.analytics.MobclickAgent:
    public MobclickAgent()
    public static void setAutoLocation(boolean)
    public static void setSessionContinueMillis(long)
    public static void setOnlineConfigureListener(com.umeng.analytics.UmengOnlineConfigureListener)
    static com.umeng.analytics.b a()
    public static void setOpenGLContext(javax.microedition.khronos.opengles.GL10)
    public static void openActivityDurationTrack(boolean)
    public static void setDebugMode(boolean)
    public static void setDefaultReportPolicy(android.content.Context,int)
    public static void onResume(android.content.Context,java.lang.String,java.lang.String)
    public static void onError(android.content.Context,java.lang.String)
    public static void reportError(android.content.Context,java.lang.String)
    public static void flush(android.content.Context)
    public static void onEvent(android.content.Context,java.lang.String)
    public static void onEvent(android.content.Context,java.lang.String,int)
    public static void onEvent(android.content.Context,java.lang.String,java.lang.String,int)
    public static void onEvent(android.content.Context,java.lang.String,java.lang.String)
    public static void onEvent(android.content.Context,java.lang.String,java.util.Map)
    public static void onEventDuration(android.content.Context,java.lang.String,long)
    public static void onEventDuration(android.content.Context,java.lang.String,java.lang.String,long)
com.umeng.analytics.MobclickAgent$1
com.umeng.analytics.MobclickAgentJSInterface
com.umeng.analytics.MobclickAgentJSInterface$a
com.umeng.analytics.ReportPolicy
com.umeng.analytics.a:
    private static final java.lang.String c
com.umeng.analytics.b:
    void a(android.content.Context,int)
    void a(android.content.Context,java.lang.String)
    void d(android.content.Context)
    void a(android.content.Context,java.lang.String,java.lang.String,long,int)
    void a(android.content.Context,java.lang.String,java.util.Map,long)
    private synchronized void j(android.content.Context)
    private void n(android.content.Context)
    private org.json.JSONArray a(org.json.JSONObject,org.json.JSONArray)
    private java.lang.String r(android.content.Context)
    private void b(android.content.Context,int)
    public void e(android.content.Context)
    private synchronized void e(android.content.Context,java.lang.String)
    void b(android.content.Context,java.lang.String)
    void c(android.content.Context,java.lang.String)
    void a(android.content.Context,java.lang.String,java.lang.String)
    void b(android.content.Context,java.lang.String,java.lang.String)
    void a(android.content.Context,java.lang.String,java.util.Map,java.lang.String)
    void c(android.content.Context,java.lang.String,java.lang.String)
    static synthetic void a(com.umeng.analytics.b,android.content.Context,java.lang.String)
com.umeng.analytics.b$a:
    b$a(com.umeng.analytics.b,android.content.Context,java.lang.String,java.lang.String,long,int,int)
    b$a(com.umeng.analytics.b,android.content.Context,java.lang.String,java.util.Map,long,int)
    b$a(com.umeng.analytics.b,android.content.Context,java.lang.String,java.util.Map,java.lang.String,int)
com.umeng.analytics.c
com.umeng.analytics.d:
    static final java.lang.String a
    static final java.lang.String b
    static final java.lang.String c
    static final int e
    static final int f
    static final java.lang.String m
    static final java.lang.String o
    static final java.lang.String p
    static final java.lang.String r
    static final java.lang.String s
    static final java.lang.String t
    static final java.lang.String u
    static final java.lang.String v
    static final java.lang.String w
    static final java.lang.String x
    static final java.lang.String y
    static final java.lang.String z
    d()
com.umeng.analytics.e:
    e()